<?xml version="1.0" encoding="UTF-8"?>
<!-- Generated by org.testng.reporters.JUnitReportReporter -->
<testsuite hostname="DESKTOP-KK1SMTI" failures="0" tests="3" name="Day43.Testing1" time="3.122" errors="0" timestamp="2023-08-23T19:51:46 IST" skipped="0">
  <testcase classname="Day43.Testing1" name="testlogo" time="3.089"/>
  <testcase classname="Day43.Testing1" name="testhomepagetitle" time="0.018"/>
  <testcase classname="Day43.Testing1" name="testappurl" time="0.015"/>
</testsuite> <!-- Day43.Testing1 -->
