<?xml version="1.0" encoding="UTF-8"?>
<!-- Generated by org.testng.reporters.JUnitReportReporter -->
<testsuite hostname="DESKTOP-KK1SMTI" failures="0" tests="3" name="Day40.testngDemo" time="0.013" errors="0" timestamp="2023-11-23T10:50:33 IST" skipped="0">
  <testcase classname="Day40.testngDemo" name="openapp" time="0.006"/>
  <testcase classname="Day40.testngDemo" name="login" time="0.004"/>
  <testcase classname="Day40.testngDemo" name="logout" time="0.003"/>
</testsuite> <!-- Day40.testngDemo -->
