<?xml version="1.0" encoding="UTF-8"?>
<!-- Generated by org.testng.reporters.JUnitReportReporter -->
<testsuite hostname="DESKTOP-KK1SMTI" failures="0" tests="1" name="Day41.AssertDemo" time="0.025" errors="0" timestamp="2023-08-18T18:54:39 IST" skipped="0">
  <testcase classname="Day41.AssertDemo" name="test" time="0.025"/>
</testsuite> <!-- Day41.AssertDemo -->
