<?xml version="1.0" encoding="UTF-8"?>
<!-- Generated by org.testng.reporters.JUnitReportReporter -->
<testsuite hostname="DESKTOP-KK1SMTI" failures="0" tests="3" name="Day42.Logintest" time="0.011" errors="0" timestamp="2023-08-16T22:08:13 IST" skipped="0">
  <testcase classname="Day42.Logintest" name="loginByEmail" time="0.003"/>
  <testcase classname="Day42.Logintest" name="loginByfacebook" time="0.005"/>
  <testcase classname="Day42.Logintest" name="loginBytwitter" time="0.003"/>
</testsuite> <!-- Day42.Logintest -->
