<?xml version="1.0" encoding="UTF-8"?>
<!-- Generated by org.testng.reporters.JUnitReportReporter -->
<testsuite hostname="DESKTOP-KK1SMTI" failures="0" tests="3" name="Day42.Signuptest" time="0.046" errors="0" timestamp="2024-03-10T23:42:07 IST" skipped="0">
  <testcase classname="Day42.Signuptest" name="signupbyemail" time="0.034"/>
  <testcase classname="Day42.Signuptest" name="signupbyfacebook" time="0.003"/>
  <testcase classname="Day42.Signuptest" name="signupbytwitter" time="0.009"/>
</testsuite> <!-- Day42.Signuptest -->
