<?xml version="1.0" encoding="UTF-8"?>
<!-- Generated by org.testng.reporters.JUnitReportReporter -->
<testsuite hostname="DESKTOP-KK1SMTI" failures="0" tests="2" name="Day41.sample.BeforeAfterclass_an" time="0.015" errors="0" timestamp="2023-11-23T12:17:27 IST" skipped="0">
  <testcase classname="Day41.sample.BeforeAfterclass_an" name="advSerachanced" time="0.011"/>
  <testcase classname="Day41.sample.BeforeAfterclass_an" name="search" time="0.004"/>
</testsuite> <!-- Day41.sample.BeforeAfterclass_an -->
