<?xml version="1.0" encoding="UTF-8"?>
<!-- Generated by org.testng.reporters.JUnitReportReporter -->
<testsuite hostname="DESKTOP-KK1SMTI" failures="0" tests="2" name="Day41.sample.Annotation_demo" time="0.041" errors="0" timestamp="2023-11-23T12:07:15 IST" skipped="0">
  <testcase classname="Day41.sample.Annotation_demo" name="search" time="0.028"/>
  <testcase classname="Day41.sample.Annotation_demo" name="advancedSearch" time="0.013"/>
</testsuite> <!-- Day41.sample.Annotation_demo -->
