<?xml version="1.0" encoding="UTF-8"?>
<!-- Generated by org.testng.reporters.JUnitReportReporter -->
<testsuite hostname="DESKTOP-KK1SMTI" failures="0" tests="2" name="Day41.PACK.class2" time="0.014" errors="0" timestamp="2023-11-23T12:32:57 IST" skipped="0">
  <testcase classname="Day41.PACK.class2" name="xyz" time="0.009"/>
  <testcase classname="Day41.PACK.class2" name="xyz" time="0.005"/>
</testsuite> <!-- Day41.PACK.class2 -->
