<?xml version="1.0" encoding="UTF-8"?>
<!-- Generated by org.testng.reporters.JUnitReportReporter -->
<testsuite hostname="DESKTOP-KK1SMTI" failures="0" tests="3" name="Day42.DependencieANDgrouptest" time="11.668" errors="0" timestamp="2023-11-27T19:13:53 IST" skipped="0">
  <testcase classname="Day42.DependencieANDgrouptest" name="open" time="11.283"/>
  <testcase classname="Day42.DependencieANDgrouptest" name="entername" time="0.267"/>
  <testcase classname="Day42.DependencieANDgrouptest" name="testlogo" time="0.118"/>
</testsuite> <!-- Day42.DependencieANDgrouptest -->
