<?xml version="1.0" encoding="UTF-8"?>
<!-- Generated by org.testng.reporters.JUnitReportReporter -->
<testsuite hostname="DESKTOP-KK1SMTI" failures="0" tests="1" name="Day41.HardAssertions" time="0.013" errors="0" timestamp="2023-08-18T20:12:55 IST" skipped="0">
  <testcase classname="Day41.HardAssertions" name="test" time="0.013"/>
</testsuite> <!-- Day41.HardAssertions -->
