<?xml version="1.0" encoding="UTF-8"?>
<!-- Generated by org.testng.reporters.JUnitReportReporter -->
<testsuite hostname="DESKTOP-KK1SMTI" failures="0" tests="2" name="Day41.AllAnnotations" time="0.020" errors="0" timestamp="2023-11-23T12:44:12 IST" skipped="0">
  <testcase classname="Day41.AllAnnotations" name="test1" time="0.017"/>
  <testcase classname="Day41.AllAnnotations" name="test2" time="0.003"/>
</testsuite> <!-- Day41.AllAnnotations -->
