<?xml version="1.0" encoding="UTF-8"?>
<!-- Generated by org.testng.reporters.JUnitReportReporter -->
<testsuite hostname="DESKTOP-KK1SMTI" failures="0" tests="2" name="Day41.AnnotationDemo1" time="0.036" errors="0" timestamp="2023-08-17T20:54:01 IST" skipped="0">
  <testcase classname="Day41.AnnotationDemo1" name="search" time="0.013"/>
  <testcase classname="Day41.AnnotationDemo1" name="advancedsearch" time="0.023"/>
</testsuite> <!-- Day41.AnnotationDemo1 -->
