<?xml version="1.0" encoding="UTF-8"?>
<!-- Generated by org.testng.reporters.JUnitReportReporter -->
<testsuite hostname="DESKTOP-KK1SMTI" failures="0" tests="3" name="Day42.PaymentTest" time="0.023" errors="0" timestamp="2023-08-16T22:08:13 IST" skipped="0">
  <testcase classname="Day42.PaymentTest" name="paymentinrupees" time="0.015"/>
  <testcase classname="Day42.PaymentTest" name="paymentindollar" time="0.003"/>
  <testcase classname="Day42.PaymentTest" name="paymentReturnbyBank" time="0.005"/>
</testsuite> <!-- Day42.PaymentTest -->
