<?xml version="1.0" encoding="UTF-8"?>
<!-- Generated by org.testng.reporters.JUnitReportReporter -->
<testsuite hostname="DESKTOP-KK1SMTI" failures="0" tests="2" name="Day42.dependtandgroup" time="0.015" errors="0" timestamp="2023-11-27T19:13:53 IST" skipped="0">
  <testcase classname="Day42.dependtandgroup" name="loginByEmail" time="0.003"/>
  <testcase classname="Day42.dependtandgroup" name="loginByfacebook" time="0.012"/>
</testsuite> <!-- Day42.dependtandgroup -->
