<?xml version="1.0" encoding="UTF-8"?>
<!-- Generated by org.testng.reporters.JUnitReportReporter -->
<testsuite hostname="DESKTOP-KK1SMTI" failures="0" tests="2" name="Day41.AnnotationDemo2" time="0.013" errors="0" timestamp="2023-08-17T21:01:54 IST" skipped="0">
  <testcase classname="Day41.AnnotationDemo2" name="search" time="0.009"/>
  <testcase classname="Day41.AnnotationDemo2" name="advancedsearch" time="0.004"/>
</testsuite> <!-- Day41.AnnotationDemo2 -->
